<?xml version="1.0" encoding="UTF-8"?>
<testng-results ignored="0" total="1" passed="1" failed="0" skipped="0">
  <reporter-output>
  </reporter-output>
  <suite started-at="2024-05-02T12:04:59 IST" name="Surefire suite" finished-at="2024-05-02T12:05:34 IST" duration-ms="35328">
    <groups>
    </groups>
    <test started-at="2024-05-02T12:04:59 IST" name="Surefire test" finished-at="2024-05-02T12:05:34 IST" duration-ms="35328">
      <class name="com.example.AppTest">
        <test-method is-config="true" signature="setup()[pri:0, instance:com.example.AppTest@8909f18]" started-at="2024-05-02T12:04:59 IST" name="setup" finished-at="2024-05-02T12:05:02 IST" duration-ms="2923" status="PASS">
          <reporter-output>
          </reporter-output>
        </test-method> <!-- setup -->
        <test-method signature="test()[pri:1, instance:com.example.AppTest@8909f18]" started-at="2024-05-02T12:05:02 IST" name="test" finished-at="2024-05-02T12:05:34 IST" duration-ms="32085" status="PASS">
          <reporter-output>
          </reporter-output>
        </test-method> <!-- test -->
        <test-method is-config="true" signature="quitDriver()[pri:0, instance:com.example.AppTest@8909f18]" started-at="2024-05-02T12:05:34 IST" name="quitDriver" finished-at="2024-05-02T12:05:34 IST" duration-ms="290" status="PASS">
          <reporter-output>
          </reporter-output>
        </test-method> <!-- quitDriver -->
      </class> <!-- com.example.AppTest -->
    </test> <!-- Surefire test -->
  </suite> <!-- Surefire suite -->
</testng-results>
